Sea Battle Unit Test Coverage Report
===================================

This report summarizes the results of running Jest unit tests with coverage on seabattle.js.

Coverage Summary:

--------------|---------|----------|---------|---------|-----------------------------------------------------
File          | % Stmts | % Branch | % Funcs | % Lines | Uncovered Line #s                                   
--------------|---------|----------|---------|---------|-----------------------------------------------------
All files     |   80.35 |       75 |   92.85 |   79.24 |                                                     
 seabattle.js |   80.35 |       75 |   92.85 |   79.24 | 139,238,242-247,272,276-286,294-297,301-304,313-329 
--------------|---------|----------|---------|---------|-----------------------------------------------------

- Statements: 80.35% of all statements are covered by tests.
- Branches:   75% of all code branches are covered.
- Functions:  92.85% of all functions are covered.
- Lines:      79.24% of all lines are covered.

Uncovered lines are mostly related to some edge cases and user interaction logic.
